c:\users\dieungocbao\desktop\1512023_midterm\qlchitieu\qlchitieu\release\qlchitieu.pch
c:\users\dieungocbao\desktop\1512023_midterm\qlchitieu\qlchitieu\release\vc141.pdb
c:\users\dieungocbao\desktop\1512023_midterm\qlchitieu\qlchitieu\release\stdafx.obj
c:\users\dieungocbao\desktop\1512023_midterm\qlchitieu\qlchitieu\release\qlchitieu.obj
c:\users\dieungocbao\desktop\1512023_midterm\qlchitieu\qlchitieu\release\cdschitieu.obj
c:\users\dieungocbao\desktop\1512023_midterm\qlchitieu\qlchitieu\release\cchitieu.obj
c:\users\dieungocbao\desktop\1512023_midterm\qlchitieu\release\qlchitieu.exe
c:\users\dieungocbao\desktop\1512023_midterm\qlchitieu\release\qlchitieu.pdb
c:\users\dieungocbao\desktop\1512023_midterm\qlchitieu\release\qlchitieu.ipdb
c:\users\dieungocbao\desktop\1512023_midterm\qlchitieu\release\qlchitieu.iobj
c:\users\dieungocbao\desktop\1512023_midterm\qlchitieu\qlchitieu\release\qlchitieu.res
c:\users\dieungocbao\desktop\1512023_midterm\qlchitieu\qlchitieu\release\qlchitieu.tlog\cl.command.1.tlog
c:\users\dieungocbao\desktop\1512023_midterm\qlchitieu\qlchitieu\release\qlchitieu.tlog\cl.read.1.tlog
c:\users\dieungocbao\desktop\1512023_midterm\qlchitieu\qlchitieu\release\qlchitieu.tlog\cl.write.1.tlog
c:\users\dieungocbao\desktop\1512023_midterm\qlchitieu\qlchitieu\release\qlchitieu.tlog\link.command.1.tlog
c:\users\dieungocbao\desktop\1512023_midterm\qlchitieu\qlchitieu\release\qlchitieu.tlog\link.read.1.tlog
c:\users\dieungocbao\desktop\1512023_midterm\qlchitieu\qlchitieu\release\qlchitieu.tlog\link.write.1.tlog
c:\users\dieungocbao\desktop\1512023_midterm\qlchitieu\qlchitieu\release\qlchitieu.tlog\qlchitieu.write.1u.tlog
c:\users\dieungocbao\desktop\1512023_midterm\qlchitieu\qlchitieu\release\qlchitieu.tlog\rc.command.1.tlog
c:\users\dieungocbao\desktop\1512023_midterm\qlchitieu\qlchitieu\release\qlchitieu.tlog\rc.read.1.tlog
c:\users\dieungocbao\desktop\1512023_midterm\qlchitieu\qlchitieu\release\qlchitieu.tlog\rc.write.1.tlog
